2026-01-16 17:35:29 [[32minfo[39m]: Socket.IO initialized for video sessions
(node:17821) [MONGOOSE] Warning: Duplicate schema index on {"id":1} found. This is often due to declaring an index using both "index: true" and "schema.index()". Please remove the duplicate index definition.
(Use `node --trace-warnings ...` to show where the warning was created)
(node:17821) [MONGOOSE] Warning: Duplicate schema index on {"email":1} found. This is often due to declaring an index using both "index: true" and "schema.index()". Please remove the duplicate index definition.
(node:17821) [MONGOOSE] Warning: Duplicate schema index on {"email":1} found. This is often due to declaring an index using both "index: true" and "schema.index()". Please remove the duplicate index definition.
(node:17821) [MONGOOSE] Warning: Duplicate schema index on {"publicId":1} found. This is often due to declaring an index using both "index: true" and "schema.index()". Please remove the duplicate index definition.
(node:17821) [MONGODB DRIVER] Warning: useNewUrlParser is a deprecated option: useNewUrlParser has no effect since Node.js Driver version 4.0.0 and will be removed in the next major version
(node:17821) [MONGODB DRIVER] Warning: useUnifiedTopology is a deprecated option: useUnifiedTopology has no effect since Node.js Driver version 4.0.0 and will be removed in the next major version
2026-01-16 17:35:29 [[32minfo[39m]: Server is running on port 4000
2026-01-16 17:35:29 [[32minfo[39m]: API documentation available at http://localhost:4000/api-docs
WebSocket server ready for video sessions
Database is connected successfully.
2026-01-16 17:36:08 [[32minfo[39m]: Incoming request {"method":"GET","url":"/","path":"/","ip":"::1","userAgent":"curl/8.5.0","userId":"anonymous"}
2026-01-16 17:36:08 [[32minfo[39m]: Outgoing response {"method":"GET","url":"/","statusCode":200,"duration":"10ms","userId":"anonymous"}
2026-01-16 17:36:08 [[32minfo[39m]: ::1 - - [16/Jan/2026:12:36:08 +0000] "GET / HTTP/1.1" 200 126 "-" "curl/8.5.0"
2026-01-16 17:37:39 [[32minfo[39m]: Incoming request {"method":"GET","url":"/getCurrentUser","path":"/getCurrentUser","ip":"::1","userAgent":"Mozilla/5.0 (X11; Linux x86_64) AppleWebKit/537.36 (KHTML, like Gecko) Chrome/143.0.0.0 Safari/537.36","userId":"anonymous"}
2026-01-16 17:37:39 [[31merror[39m]: Unhandled error {"method":"GET","url":"/getCurrentUser","error":"Route /getCurrentUser not found","stack":"Error: Route /getCurrentUser not found\n    at notFoundHandler (file:///media/data/Client%20project/muzammil%20delivered%20project/frontend/al-quran-institute-online-backend/middlewares/errorHandler.js:49:15)\n    at Layer.handle [as handle_request] (/media/data/Client project/muzammil delivered project/frontend/al-quran-institute-online-backend/node_modules/express/lib/router/layer.js:95:5)\n    at trim_prefix (/media/data/Client project/muzammil delivered project/frontend/al-quran-institute-online-backend/node_modules/express/lib/router/index.js:328:13)\n    at /media/data/Client project/muzammil delivered project/frontend/al-quran-institute-online-backend/node_modules/express/lib/router/index.js:286:9\n    at Function.process_params (/media/data/Client project/muzammil delivered project/frontend/al-quran-institute-online-backend/node_modules/express/lib/router/index.js:346:12)\n    at next (/media/data/Client project/muzammil delivered project/frontend/al-quran-institute-online-backend/node_modules/express/lib/router/index.js:280:10)\n    at /media/data/Client project/muzammil delivered project/frontend/al-quran-institute-online-backend/node_modules/express/lib/router/index.js:646:15\n    at next (/media/data/Client project/muzammil delivered project/frontend/al-quran-institute-online-backend/node_modules/express/lib/router/index.js:265:14)\n    at Function.handle (/media/data/Client project/muzammil delivered project/frontend/al-quran-institute-online-backend/node_modules/express/lib/router/index.js:175:3)\n    at router (/media/data/Client project/muzammil delivered project/frontend/al-quran-institute-online-backend/node_modules/express/lib/router/index.js:47:12)","userId":"anonymous"}
AppError: Route /getCurrentUser not found
    at notFoundHandler (file:///media/data/Client%20project/muzammil%20delivered%20project/frontend/al-quran-institute-online-backend/middlewares/errorHandler.js:49:15)
    at Layer.handle [as handle_request] (/media/data/Client project/muzammil delivered project/frontend/al-quran-institute-online-backend/node_modules/express/lib/router/layer.js:95:5)
    at trim_prefix (/media/data/Client project/muzammil delivered project/frontend/al-quran-institute-online-backend/node_modules/express/lib/router/index.js:328:13)
    at /media/data/Client project/muzammil delivered project/frontend/al-quran-institute-online-backend/node_modules/express/lib/router/index.js:286:9
    at Function.process_params (/media/data/Client project/muzammil delivered project/frontend/al-quran-institute-online-backend/node_modules/express/lib/router/index.js:346:12)
    at next (/media/data/Client project/muzammil delivered project/frontend/al-quran-institute-online-backend/node_modules/express/lib/router/index.js:280:10)
    at /media/data/Client project/muzammil delivered project/frontend/al-quran-institute-online-backend/node_modules/express/lib/router/index.js:646:15
    at next (/media/data/Client project/muzammil delivered project/frontend/al-quran-institute-online-backend/node_modules/express/lib/router/index.js:265:14)
    at Function.handle (/media/data/Client project/muzammil delivered project/frontend/al-quran-institute-online-backend/node_modules/express/lib/router/index.js:175:3)
    at router (/media/data/Client project/muzammil delivered project/frontend/al-quran-institute-online-backend/node_modules/express/lib/router/index.js:47:12) {
  statusCode: 404,
  status: 'fail',
  isOperational: true
}
2026-01-16 17:37:39 [[32minfo[39m]: Outgoing response {"method":"GET","url":"/getCurrentUser","statusCode":404,"duration":"12ms","userId":"anonymous"}
2026-01-16 17:37:39 [[31merror[39m]: Error response {"method":"GET","url":"/getCurrentUser","statusCode":404,"duration":"12ms","userId":"anonymous","error":"Route /getCurrentUser not found"}
2026-01-16 17:37:39 [[32minfo[39m]: ::1 - - [16/Jan/2026:12:37:39 +0000] "GET /getCurrentUser HTTP/1.1" 404 61 "http://localhost:3001/" "Mozilla/5.0 (X11; Linux x86_64) AppleWebKit/537.36 (KHTML, like Gecko) Chrome/143.0.0.0 Safari/537.36"
2026-01-16 17:37:51 [[32minfo[39m]: Incoming request {"method":"GET","url":"/user/getUser","path":"/user/getUser","ip":"::1","userAgent":"Mozilla/5.0 (X11; Linux x86_64) AppleWebKit/537.36 (KHTML, like Gecko) Chrome/143.0.0.0 Safari/537.36","userId":"anonymous"}
2026-01-16 17:37:51 [[32minfo[39m]: Outgoing response {"method":"GET","url":"/getUser","statusCode":401,"duration":"8ms","userId":"anonymous"}
2026-01-16 17:37:51 [[31merror[39m]: Error response {"method":"GET","url":"/getUser","statusCode":401,"duration":"8ms","userId":"anonymous","error":true}
2026-01-16 17:37:51 [[32minfo[39m]: ::1 - - [16/Jan/2026:12:37:51 +0000] "GET /user/getUser HTTP/1.1" 401 71 "http://localhost:3001/" "Mozilla/5.0 (X11; Linux x86_64) AppleWebKit/537.36 (KHTML, like Gecko) Chrome/143.0.0.0 Safari/537.36"
2026-01-16 17:37:51 [[32minfo[39m]: Incoming request {"method":"GET","url":"/user/getUser","path":"/user/getUser","ip":"::1","userAgent":"Mozilla/5.0 (X11; Linux x86_64) AppleWebKit/537.36 (KHTML, like Gecko) Chrome/143.0.0.0 Safari/537.36","userId":"anonymous"}
2026-01-16 17:37:51 [[32minfo[39m]: Outgoing response {"method":"GET","url":"/getUser","statusCode":401,"duration":"46ms","userId":"anonymous"}
2026-01-16 17:37:51 [[31merror[39m]: Error response {"method":"GET","url":"/getUser","statusCode":401,"duration":"46ms","userId":"anonymous","error":true}
2026-01-16 17:37:51 [[32minfo[39m]: ::1 - - [16/Jan/2026:12:37:51 +0000] "GET /user/getUser HTTP/1.1" 401 71 "http://localhost:3001/" "Mozilla/5.0 (X11; Linux x86_64) AppleWebKit/537.36 (KHTML, like Gecko) Chrome/143.0.0.0 Safari/537.36"
2026-01-16 17:39:59 [[32minfo[39m]: Incoming request {"method":"POST","url":"/auth/signup","path":"/auth/signup","ip":"::1","userAgent":"Mozilla/5.0 (X11; Linux x86_64) AppleWebKit/537.36 (KHTML, like Gecko) Chrome/143.0.0.0 Safari/537.36","userId":"anonymous"}
2026-01-16 17:40:00 [[32minfo[39m]: Outgoing response {"method":"POST","url":"/signup","statusCode":201,"duration":"910ms","userId":"anonymous"}
2026-01-16 17:40:00 [[32minfo[39m]: ::1 - - [16/Jan/2026:12:40:00 +0000] "POST /auth/signup HTTP/1.1" 201 831 "http://localhost:3001/" "Mozilla/5.0 (X11; Linux x86_64) AppleWebKit/537.36 (KHTML, like Gecko) Chrome/143.0.0.0 Safari/537.36"
2026-01-16 17:40:17 [[32minfo[39m]: Incoming request {"method":"POST","url":"/auth/login","path":"/auth/login","ip":"::1","userAgent":"Mozilla/5.0 (X11; Linux x86_64) AppleWebKit/537.36 (KHTML, like Gecko) Chrome/143.0.0.0 Safari/537.36","userId":"anonymous"}
2026-01-16 17:40:18 [[32minfo[39m]: Outgoing response {"method":"POST","url":"/login","statusCode":200,"duration":"553ms","userId":"anonymous"}
2026-01-16 17:40:18 [[32minfo[39m]: ::1 - - [16/Jan/2026:12:40:18 +0000] "POST /auth/login HTTP/1.1" 200 831 "http://localhost:3001/" "Mozilla/5.0 (X11; Linux x86_64) AppleWebKit/537.36 (KHTML, like Gecko) Chrome/143.0.0.0 Safari/537.36"
2026-01-16 17:40:23 [[32minfo[39m]: Incoming request {"method":"POST","url":"/auth/logout","path":"/auth/logout","ip":"::1","userAgent":"Mozilla/5.0 (X11; Linux x86_64) AppleWebKit/537.36 (KHTML, like Gecko) Chrome/143.0.0.0 Safari/537.36","userId":"anonymous"}
2026-01-16 17:40:23 [[32minfo[39m]: Outgoing response {"method":"POST","url":"/logout","statusCode":200,"duration":"5ms","userId":"anonymous"}
2026-01-16 17:40:23 [[32minfo[39m]: ::1 - - [16/Jan/2026:12:40:23 +0000] "POST /auth/logout HTTP/1.1" 200 59 "http://localhost:3001/" "Mozilla/5.0 (X11; Linux x86_64) AppleWebKit/537.36 (KHTML, like Gecko) Chrome/143.0.0.0 Safari/537.36"
2026-01-16 17:40:40 [[32minfo[39m]: Incoming request {"method":"POST","url":"/auth/login","path":"/auth/login","ip":"::1","userAgent":"Mozilla/5.0 (X11; Linux x86_64) AppleWebKit/537.36 (KHTML, like Gecko) Chrome/143.0.0.0 Safari/537.36","userId":"anonymous"}
2026-01-16 17:40:41 [[32minfo[39m]: Outgoing response {"method":"POST","url":"/login","statusCode":200,"duration":"686ms","userId":"anonymous"}
2026-01-16 17:40:41 [[32minfo[39m]: ::1 - - [16/Jan/2026:12:40:41 +0000] "POST /auth/login HTTP/1.1" 200 831 "http://localhost:3001/" "Mozilla/5.0 (X11; Linux x86_64) AppleWebKit/537.36 (KHTML, like Gecko) Chrome/143.0.0.0 Safari/537.36"
2026-01-16 17:40:44 [[32minfo[39m]: Incoming request {"method":"GET","url":"/getCurrentUser","path":"/getCurrentUser","ip":"::1","userAgent":"Mozilla/5.0 (X11; Linux x86_64) AppleWebKit/537.36 (KHTML, like Gecko) Chrome/143.0.0.0 Safari/537.36","userId":"anonymous"}
2026-01-16 17:40:44 [[31merror[39m]: Unhandled error {"method":"GET","url":"/getCurrentUser","error":"Route /getCurrentUser not found","stack":"Error: Route /getCurrentUser not found\n    at notFoundHandler (file:///media/data/Client%20project/muzammil%20delivered%20project/frontend/al-quran-institute-online-backend/middlewares/errorHandler.js:49:15)\n    at Layer.handle [as handle_request] (/media/data/Client project/muzammil delivered project/frontend/al-quran-institute-online-backend/node_modules/express/lib/router/layer.js:95:5)\n    at trim_prefix (/media/data/Client project/muzammil delivered project/frontend/al-quran-institute-online-backend/node_modules/express/lib/router/index.js:328:13)\n    at /media/data/Client project/muzammil delivered project/frontend/al-quran-institute-online-backend/node_modules/express/lib/router/index.js:286:9\n    at Function.process_params (/media/data/Client project/muzammil delivered project/frontend/al-quran-institute-online-backend/node_modules/express/lib/router/index.js:346:12)\n    at next (/media/data/Client project/muzammil delivered project/frontend/al-quran-institute-online-backend/node_modules/express/lib/router/index.js:280:10)\n    at /media/data/Client project/muzammil delivered project/frontend/al-quran-institute-online-backend/node_modules/express/lib/router/index.js:646:15\n    at next (/media/data/Client project/muzammil delivered project/frontend/al-quran-institute-online-backend/node_modules/express/lib/router/index.js:265:14)\n    at Function.handle (/media/data/Client project/muzammil delivered project/frontend/al-quran-institute-online-backend/node_modules/express/lib/router/index.js:175:3)\n    at router (/media/data/Client project/muzammil delivered project/frontend/al-quran-institute-online-backend/node_modules/express/lib/router/index.js:47:12)","userId":"anonymous"}
AppError: Route /getCurrentUser not found
    at notFoundHandler (file:///media/data/Client%20project/muzammil%20delivered%20project/frontend/al-quran-institute-online-backend/middlewares/errorHandler.js:49:15)
    at Layer.handle [as handle_request] (/media/data/Client project/muzammil delivered project/frontend/al-quran-institute-online-backend/node_modules/express/lib/router/layer.js:95:5)
    at trim_prefix (/media/data/Client project/muzammil delivered project/frontend/al-quran-institute-online-backend/node_modules/express/lib/router/index.js:328:13)
    at /media/data/Client project/muzammil delivered project/frontend/al-quran-institute-online-backend/node_modules/express/lib/router/index.js:286:9
    at Function.process_params (/media/data/Client project/muzammil delivered project/frontend/al-quran-institute-online-backend/node_modules/express/lib/router/index.js:346:12)
    at next (/media/data/Client project/muzammil delivered project/frontend/al-quran-institute-online-backend/node_modules/express/lib/router/index.js:280:10)
    at /media/data/Client project/muzammil delivered project/frontend/al-quran-institute-online-backend/node_modules/express/lib/router/index.js:646:15
    at next (/media/data/Client project/muzammil delivered project/frontend/al-quran-institute-online-backend/node_modules/express/lib/router/index.js:265:14)
    at Function.handle (/media/data/Client project/muzammil delivered project/frontend/al-quran-institute-online-backend/node_modules/express/lib/router/index.js:175:3)
    at router (/media/data/Client project/muzammil delivered project/frontend/al-quran-institute-online-backend/node_modules/express/lib/router/index.js:47:12) {
  statusCode: 404,
  status: 'fail',
  isOperational: true
}
2026-01-16 17:40:44 [[32minfo[39m]: Outgoing response {"method":"GET","url":"/getCurrentUser","statusCode":404,"duration":"7ms","userId":"anonymous"}
2026-01-16 17:40:44 [[31merror[39m]: Error response {"method":"GET","url":"/getCurrentUser","statusCode":404,"duration":"7ms","userId":"anonymous","error":"Route /getCurrentUser not found"}
2026-01-16 17:40:44 [[32minfo[39m]: ::1 - - [16/Jan/2026:12:40:44 +0000] "GET /getCurrentUser HTTP/1.1" 404 61 "http://localhost:3001/" "Mozilla/5.0 (X11; Linux x86_64) AppleWebKit/537.36 (KHTML, like Gecko) Chrome/143.0.0.0 Safari/537.36"
2026-01-16 17:40:44 [[32minfo[39m]: Incoming request {"method":"GET","url":"/getAllStudents","path":"/getAllStudents","ip":"::1","userAgent":"Mozilla/5.0 (X11; Linux x86_64) AppleWebKit/537.36 (KHTML, like Gecko) Chrome/143.0.0.0 Safari/537.36","userId":"anonymous"}
2026-01-16 17:40:44 [[31merror[39m]: Unhandled error {"method":"GET","url":"/getAllStudents","error":"Route /getAllStudents not found","stack":"Error: Route /getAllStudents not found\n    at notFoundHandler (file:///media/data/Client%20project/muzammil%20delivered%20project/frontend/al-quran-institute-online-backend/middlewares/errorHandler.js:49:15)\n    at Layer.handle [as handle_request] (/media/data/Client project/muzammil delivered project/frontend/al-quran-institute-online-backend/node_modules/express/lib/router/layer.js:95:5)\n    at trim_prefix (/media/data/Client project/muzammil delivered project/frontend/al-quran-institute-online-backend/node_modules/express/lib/router/index.js:328:13)\n    at /media/data/Client project/muzammil delivered project/frontend/al-quran-institute-online-backend/node_modules/express/lib/router/index.js:286:9\n    at Function.process_params (/media/data/Client project/muzammil delivered project/frontend/al-quran-institute-online-backend/node_modules/express/lib/router/index.js:346:12)\n    at next (/media/data/Client project/muzammil delivered project/frontend/al-quran-institute-online-backend/node_modules/express/lib/router/index.js:280:10)\n    at file:///media/data/Client%20project/muzammil%20delivered%20project/frontend/al-quran-institute-online-backend/node_modules/express-rate-limit/dist/index.mjs:779:7\n    at process.processTicksAndRejections (node:internal/process/task_queues:95:5)\n    at async file:///media/data/Client%20project/muzammil%20delivered%20project/frontend/al-quran-institute-online-backend/node_modules/express-rate-limit/dist/index.mjs:663:5","userId":"anonymous"}
AppError: Route /getAllStudents not found
    at notFoundHandler (file:///media/data/Client%20project/muzammil%20delivered%20project/frontend/al-quran-institute-online-backend/middlewares/errorHandler.js:49:15)
    at Layer.handle [as handle_request] (/media/data/Client project/muzammil delivered project/frontend/al-quran-institute-online-backend/node_modules/express/lib/router/layer.js:95:5)
    at trim_prefix (/media/data/Client project/muzammil delivered project/frontend/al-quran-institute-online-backend/node_modules/express/lib/router/index.js:328:13)
    at /media/data/Client project/muzammil delivered project/frontend/al-quran-institute-online-backend/node_modules/express/lib/router/index.js:286:9
    at Function.process_params (/media/data/Client project/muzammil delivered project/frontend/al-quran-institute-online-backend/node_modules/express/lib/router/index.js:346:12)
    at next (/media/data/Client project/muzammil delivered project/frontend/al-quran-institute-online-backend/node_modules/express/lib/router/index.js:280:10)
    at file:///media/data/Client%20project/muzammil%20delivered%20project/frontend/al-quran-institute-online-backend/node_modules/express-rate-limit/dist/index.mjs:779:7
    at process.processTicksAndRejections (node:internal/process/task_queues:95:5)
    at async file:///media/data/Client%20project/muzammil%20delivered%20project/frontend/al-quran-institute-online-backend/node_modules/express-rate-limit/dist/index.mjs:663:5 {
  statusCode: 404,
  status: 'fail',
  isOperational: true
}
2026-01-16 17:40:44 [[32minfo[39m]: Outgoing response {"method":"GET","url":"/getAllStudents","statusCode":404,"duration":"4ms","userId":"anonymous"}
2026-01-16 17:40:44 [[31merror[39m]: Error response {"method":"GET","url":"/getAllStudents","statusCode":404,"duration":"4ms","userId":"anonymous","error":"Route /getAllStudents not found"}
2026-01-16 17:40:44 [[32minfo[39m]: ::1 - - [16/Jan/2026:12:40:44 +0000] "GET /getAllStudents HTTP/1.1" 404 61 "http://localhost:3001/" "Mozilla/5.0 (X11; Linux x86_64) AppleWebKit/537.36 (KHTML, like Gecko) Chrome/143.0.0.0 Safari/537.36"
2026-01-16 17:40:44 [[32minfo[39m]: Incoming request {"method":"GET","url":"/getAllStudents","path":"/getAllStudents","ip":"::1","userAgent":"Mozilla/5.0 (X11; Linux x86_64) AppleWebKit/537.36 (KHTML, like Gecko) Chrome/143.0.0.0 Safari/537.36","userId":"anonymous"}
2026-01-16 17:40:44 [[31merror[39m]: Unhandled error {"method":"GET","url":"/getAllStudents","error":"Route /getAllStudents not found","stack":"Error: Route /getAllStudents not found\n    at notFoundHandler (file:///media/data/Client%20project/muzammil%20delivered%20project/frontend/al-quran-institute-online-backend/middlewares/errorHandler.js:49:15)\n    at Layer.handle [as handle_request] (/media/data/Client project/muzammil delivered project/frontend/al-quran-institute-online-backend/node_modules/express/lib/router/layer.js:95:5)\n    at trim_prefix (/media/data/Client project/muzammil delivered project/frontend/al-quran-institute-online-backend/node_modules/express/lib/router/index.js:328:13)\n    at /media/data/Client project/muzammil delivered project/frontend/al-quran-institute-online-backend/node_modules/express/lib/router/index.js:286:9\n    at Function.process_params (/media/data/Client project/muzammil delivered project/frontend/al-quran-institute-online-backend/node_modules/express/lib/router/index.js:346:12)\n    at next (/media/data/Client project/muzammil delivered project/frontend/al-quran-institute-online-backend/node_modules/express/lib/router/index.js:280:10)\n    at file:///media/data/Client%20project/muzammil%20delivered%20project/frontend/al-quran-institute-online-backend/node_modules/express-rate-limit/dist/index.mjs:779:7\n    at process.processTicksAndRejections (node:internal/process/task_queues:95:5)\n    at async file:///media/data/Client%20project/muzammil%20delivered%20project/frontend/al-quran-institute-online-backend/node_modules/express-rate-limit/dist/index.mjs:663:5","userId":"anonymous"}
AppError: Route /getAllStudents not found
    at notFoundHandler (file:///media/data/Client%20project/muzammil%20delivered%20project/frontend/al-quran-institute-online-backend/middlewares/errorHandler.js:49:15)
    at Layer.handle [as handle_request] (/media/data/Client project/muzammil delivered project/frontend/al-quran-institute-online-backend/node_modules/express/lib/router/layer.js:95:5)
    at trim_prefix (/media/data/Client project/muzammil delivered project/frontend/al-quran-institute-online-backend/node_modules/express/lib/router/index.js:328:13)
    at /media/data/Client project/muzammil delivered project/frontend/al-quran-institute-online-backend/node_modules/express/lib/router/index.js:286:9
    at Function.process_params (/media/data/Client project/muzammil delivered project/frontend/al-quran-institute-online-backend/node_modules/express/lib/router/index.js:346:12)
    at next (/media/data/Client project/muzammil delivered project/frontend/al-quran-institute-online-backend/node_modules/express/lib/router/index.js:280:10)
    at file:///media/data/Client%20project/muzammil%20delivered%20project/frontend/al-quran-institute-online-backend/node_modules/express-rate-limit/dist/index.mjs:779:7
    at process.processTicksAndRejections (node:internal/process/task_queues:95:5)
    at async file:///media/data/Client%20project/muzammil%20delivered%20project/frontend/al-quran-institute-online-backend/node_modules/express-rate-limit/dist/index.mjs:663:5 {
  statusCode: 404,
  status: 'fail',
  isOperational: true
}
2026-01-16 17:40:44 [[32minfo[39m]: Outgoing response {"method":"GET","url":"/getAllStudents","statusCode":404,"duration":"6ms","userId":"anonymous"}
2026-01-16 17:40:44 [[31merror[39m]: Error response {"method":"GET","url":"/getAllStudents","statusCode":404,"duration":"6ms","userId":"anonymous","error":"Route /getAllStudents not found"}
2026-01-16 17:40:44 [[32minfo[39m]: ::1 - - [16/Jan/2026:12:40:44 +0000] "GET /getAllStudents HTTP/1.1" 404 61 "http://localhost:3001/" "Mozilla/5.0 (X11; Linux x86_64) AppleWebKit/537.36 (KHTML, like Gecko) Chrome/143.0.0.0 Safari/537.36"
2026-01-16 17:40:44 [[32minfo[39m]: Incoming request {"method":"GET","url":"/getCurrentUser","path":"/getCurrentUser","ip":"::1","userAgent":"Mozilla/5.0 (X11; Linux x86_64) AppleWebKit/537.36 (KHTML, like Gecko) Chrome/143.0.0.0 Safari/537.36","userId":"anonymous"}
2026-01-16 17:40:44 [[31merror[39m]: Unhandled error {"method":"GET","url":"/getCurrentUser","error":"Route /getCurrentUser not found","stack":"Error: Route /getCurrentUser not found\n    at notFoundHandler (file:///media/data/Client%20project/muzammil%20delivered%20project/frontend/al-quran-institute-online-backend/middlewares/errorHandler.js:49:15)\n    at Layer.handle [as handle_request] (/media/data/Client project/muzammil delivered project/frontend/al-quran-institute-online-backend/node_modules/express/lib/router/layer.js:95:5)\n    at trim_prefix (/media/data/Client project/muzammil delivered project/frontend/al-quran-institute-online-backend/node_modules/express/lib/router/index.js:328:13)\n    at /media/data/Client project/muzammil delivered project/frontend/al-quran-institute-online-backend/node_modules/express/lib/router/index.js:286:9\n    at Function.process_params (/media/data/Client project/muzammil delivered project/frontend/al-quran-institute-online-backend/node_modules/express/lib/router/index.js:346:12)\n    at next (/media/data/Client project/muzammil delivered project/frontend/al-quran-institute-online-backend/node_modules/express/lib/router/index.js:280:10)\n    at /media/data/Client project/muzammil delivered project/frontend/al-quran-institute-online-backend/node_modules/express/lib/router/index.js:646:15\n    at next (/media/data/Client project/muzammil delivered project/frontend/al-quran-institute-online-backend/node_modules/express/lib/router/index.js:265:14)\n    at Function.handle (/media/data/Client project/muzammil delivered project/frontend/al-quran-institute-online-backend/node_modules/express/lib/router/index.js:175:3)\n    at router (/media/data/Client project/muzammil delivered project/frontend/al-quran-institute-online-backend/node_modules/express/lib/router/index.js:47:12)","userId":"anonymous"}
AppError: Route /getCurrentUser not found
    at notFoundHandler (file:///media/data/Client%20project/muzammil%20delivered%20project/frontend/al-quran-institute-online-backend/middlewares/errorHandler.js:49:15)
    at Layer.handle [as handle_request] (/media/data/Client project/muzammil delivered project/frontend/al-quran-institute-online-backend/node_modules/express/lib/router/layer.js:95:5)
    at trim_prefix (/media/data/Client project/muzammil delivered project/frontend/al-quran-institute-online-backend/node_modules/express/lib/router/index.js:328:13)
    at /media/data/Client project/muzammil delivered project/frontend/al-quran-institute-online-backend/node_modules/express/lib/router/index.js:286:9
    at Function.process_params (/media/data/Client project/muzammil delivered project/frontend/al-quran-institute-online-backend/node_modules/express/lib/router/index.js:346:12)
    at next (/media/data/Client project/muzammil delivered project/frontend/al-quran-institute-online-backend/node_modules/express/lib/router/index.js:280:10)
    at /media/data/Client project/muzammil delivered project/frontend/al-quran-institute-online-backend/node_modules/express/lib/router/index.js:646:15
    at next (/media/data/Client project/muzammil delivered project/frontend/al-quran-institute-online-backend/node_modules/express/lib/router/index.js:265:14)
    at Function.handle (/media/data/Client project/muzammil delivered project/frontend/al-quran-institute-online-backend/node_modules/express/lib/router/index.js:175:3)
    at router (/media/data/Client project/muzammil delivered project/frontend/al-quran-institute-online-backend/node_modules/express/lib/router/index.js:47:12) {
  statusCode: 404,
  status: 'fail',
  isOperational: true
}
2026-01-16 17:40:44 [[32minfo[39m]: Outgoing response {"method":"GET","url":"/getCurrentUser","statusCode":404,"duration":"6ms","userId":"anonymous"}
2026-01-16 17:40:44 [[31merror[39m]: Error response {"method":"GET","url":"/getCurrentUser","statusCode":404,"duration":"6ms","userId":"anonymous","error":"Route /getCurrentUser not found"}
2026-01-16 17:40:44 [[32minfo[39m]: ::1 - - [16/Jan/2026:12:40:44 +0000] "GET /getCurrentUser HTTP/1.1" 404 61 "http://localhost:3001/" "Mozilla/5.0 (X11; Linux x86_64) AppleWebKit/537.36 (KHTML, like Gecko) Chrome/143.0.0.0 Safari/537.36"
2026-01-16 17:45:55 [[32minfo[39m]: Incoming request {"method":"GET","url":"/getCurrentUser","path":"/getCurrentUser","ip":"::1","userAgent":"Mozilla/5.0 (X11; Linux x86_64) AppleWebKit/537.36 (KHTML, like Gecko) Chrome/143.0.0.0 Safari/537.36","userId":"anonymous"}
2026-01-16 17:45:55 [[31merror[39m]: Unhandled error {"method":"GET","url":"/getCurrentUser","error":"Route /getCurrentUser not found","stack":"Error: Route /getCurrentUser not found\n    at notFoundHandler (file:///media/data/Client%20project/muzammil%20delivered%20project/frontend/al-quran-institute-online-backend/middlewares/errorHandler.js:49:15)\n    at Layer.handle [as handle_request] (/media/data/Client project/muzammil delivered project/frontend/al-quran-institute-online-backend/node_modules/express/lib/router/layer.js:95:5)\n    at trim_prefix (/media/data/Client project/muzammil delivered project/frontend/al-quran-institute-online-backend/node_modules/express/lib/router/index.js:328:13)\n    at /media/data/Client project/muzammil delivered project/frontend/al-quran-institute-online-backend/node_modules/express/lib/router/index.js:286:9\n    at Function.process_params (/media/data/Client project/muzammil delivered project/frontend/al-quran-institute-online-backend/node_modules/express/lib/router/index.js:346:12)\n    at next (/media/data/Client project/muzammil delivered project/frontend/al-quran-institute-online-backend/node_modules/express/lib/router/index.js:280:10)\n    at /media/data/Client project/muzammil delivered project/frontend/al-quran-institute-online-backend/node_modules/express/lib/router/index.js:646:15\n    at next (/media/data/Client project/muzammil delivered project/frontend/al-quran-institute-online-backend/node_modules/express/lib/router/index.js:265:14)\n    at Function.handle (/media/data/Client project/muzammil delivered project/frontend/al-quran-institute-online-backend/node_modules/express/lib/router/index.js:175:3)\n    at router (/media/data/Client project/muzammil delivered project/frontend/al-quran-institute-online-backend/node_modules/express/lib/router/index.js:47:12)","userId":"anonymous"}
AppError: Route /getCurrentUser not found
    at notFoundHandler (file:///media/data/Client%20project/muzammil%20delivered%20project/frontend/al-quran-institute-online-backend/middlewares/errorHandler.js:49:15)
    at Layer.handle [as handle_request] (/media/data/Client project/muzammil delivered project/frontend/al-quran-institute-online-backend/node_modules/express/lib/router/layer.js:95:5)
    at trim_prefix (/media/data/Client project/muzammil delivered project/frontend/al-quran-institute-online-backend/node_modules/express/lib/router/index.js:328:13)
    at /media/data/Client project/muzammil delivered project/frontend/al-quran-institute-online-backend/node_modules/express/lib/router/index.js:286:9
    at Function.process_params (/media/data/Client project/muzammil delivered project/frontend/al-quran-institute-online-backend/node_modules/express/lib/router/index.js:346:12)
    at next (/media/data/Client project/muzammil delivered project/frontend/al-quran-institute-online-backend/node_modules/express/lib/router/index.js:280:10)
    at /media/data/Client project/muzammil delivered project/frontend/al-quran-institute-online-backend/node_modules/express/lib/router/index.js:646:15
    at next (/media/data/Client project/muzammil delivered project/frontend/al-quran-institute-online-backend/node_modules/express/lib/router/index.js:265:14)
    at Function.handle (/media/data/Client project/muzammil delivered project/frontend/al-quran-institute-online-backend/node_modules/express/lib/router/index.js:175:3)
    at router (/media/data/Client project/muzammil delivered project/frontend/al-quran-institute-online-backend/node_modules/express/lib/router/index.js:47:12) {
  statusCode: 404,
  status: 'fail',
  isOperational: true
}
2026-01-16 17:45:55 [[32minfo[39m]: Outgoing response {"method":"GET","url":"/getCurrentUser","statusCode":404,"duration":"9ms","userId":"anonymous"}
2026-01-16 17:45:55 [[31merror[39m]: Error response {"method":"GET","url":"/getCurrentUser","statusCode":404,"duration":"9ms","userId":"anonymous","error":"Route /getCurrentUser not found"}
2026-01-16 17:45:55 [[32minfo[39m]: ::1 - - [16/Jan/2026:12:45:55 +0000] "GET /getCurrentUser HTTP/1.1" 404 61 "http://localhost:3001/" "Mozilla/5.0 (X11; Linux x86_64) AppleWebKit/537.36 (KHTML, like Gecko) Chrome/143.0.0.0 Safari/537.36"
2026-01-16 17:46:21 [[32minfo[39m]: Incoming request {"method":"POST","url":"/auth/login","path":"/auth/login","ip":"::1","userAgent":"Mozilla/5.0 (X11; Linux x86_64) AppleWebKit/537.36 (KHTML, like Gecko) Chrome/143.0.0.0 Safari/537.36","userId":"anonymous"}
2026-01-16 17:46:21 [[32minfo[39m]: Outgoing response {"method":"POST","url":"/login","statusCode":200,"duration":"625ms","userId":"anonymous"}
2026-01-16 17:46:21 [[32minfo[39m]: ::1 - - [16/Jan/2026:12:46:21 +0000] "POST /auth/login HTTP/1.1" 200 831 "http://localhost:3001/" "Mozilla/5.0 (X11; Linux x86_64) AppleWebKit/537.36 (KHTML, like Gecko) Chrome/143.0.0.0 Safari/537.36"
2026-01-16 17:46:22 [[32minfo[39m]: Incoming request {"method":"GET","url":"/getCurrentUser","path":"/getCurrentUser","ip":"::1","userAgent":"Mozilla/5.0 (X11; Linux x86_64) AppleWebKit/537.36 (KHTML, like Gecko) Chrome/143.0.0.0 Safari/537.36","userId":"anonymous"}
2026-01-16 17:46:22 [[31merror[39m]: Unhandled error {"method":"GET","url":"/getCurrentUser","error":"Route /getCurrentUser not found","stack":"Error: Route /getCurrentUser not found\n    at notFoundHandler (file:///media/data/Client%20project/muzammil%20delivered%20project/frontend/al-quran-institute-online-backend/middlewares/errorHandler.js:49:15)\n    at Layer.handle [as handle_request] (/media/data/Client project/muzammil delivered project/frontend/al-quran-institute-online-backend/node_modules/express/lib/router/layer.js:95:5)\n    at trim_prefix (/media/data/Client project/muzammil delivered project/frontend/al-quran-institute-online-backend/node_modules/express/lib/router/index.js:328:13)\n    at /media/data/Client project/muzammil delivered project/frontend/al-quran-institute-online-backend/node_modules/express/lib/router/index.js:286:9\n    at Function.process_params (/media/data/Client project/muzammil delivered project/frontend/al-quran-institute-online-backend/node_modules/express/lib/router/index.js:346:12)\n    at next (/media/data/Client project/muzammil delivered project/frontend/al-quran-institute-online-backend/node_modules/express/lib/router/index.js:280:10)\n    at /media/data/Client project/muzammil delivered project/frontend/al-quran-institute-online-backend/node_modules/express/lib/router/index.js:646:15\n    at next (/media/data/Client project/muzammil delivered project/frontend/al-quran-institute-online-backend/node_modules/express/lib/router/index.js:265:14)\n    at Function.handle (/media/data/Client project/muzammil delivered project/frontend/al-quran-institute-online-backend/node_modules/express/lib/router/index.js:175:3)\n    at router (/media/data/Client project/muzammil delivered project/frontend/al-quran-institute-online-backend/node_modules/express/lib/router/index.js:47:12)","userId":"anonymous"}
AppError: Route /getCurrentUser not found
    at notFoundHandler (file:///media/data/Client%20project/muzammil%20delivered%20project/frontend/al-quran-institute-online-backend/middlewares/errorHandler.js:49:15)
    at Layer.handle [as handle_request] (/media/data/Client project/muzammil delivered project/frontend/al-quran-institute-online-backend/node_modules/express/lib/router/layer.js:95:5)
    at trim_prefix (/media/data/Client project/muzammil delivered project/frontend/al-quran-institute-online-backend/node_modules/express/lib/router/index.js:328:13)
    at /media/data/Client project/muzammil delivered project/frontend/al-quran-institute-online-backend/node_modules/express/lib/router/index.js:286:9
    at Function.process_params (/media/data/Client project/muzammil delivered project/frontend/al-quran-institute-online-backend/node_modules/express/lib/router/index.js:346:12)
    at next (/media/data/Client project/muzammil delivered project/frontend/al-quran-institute-online-backend/node_modules/express/lib/router/index.js:280:10)
    at /media/data/Client project/muzammil delivered project/frontend/al-quran-institute-online-backend/node_modules/express/lib/router/index.js:646:15
    at next (/media/data/Client project/muzammil delivered project/frontend/al-quran-institute-online-backend/node_modules/express/lib/router/index.js:265:14)
    at Function.handle (/media/data/Client project/muzammil delivered project/frontend/al-quran-institute-online-backend/node_modules/express/lib/router/index.js:175:3)
    at router (/media/data/Client project/muzammil delivered project/frontend/al-quran-institute-online-backend/node_modules/express/lib/router/index.js:47:12) {
  statusCode: 404,
  status: 'fail',
  isOperational: true
}
2026-01-16 17:46:22 [[32minfo[39m]: Outgoing response {"method":"GET","url":"/getCurrentUser","statusCode":404,"duration":"6ms","userId":"anonymous"}
2026-01-16 17:46:22 [[31merror[39m]: Error response {"method":"GET","url":"/getCurrentUser","statusCode":404,"duration":"6ms","userId":"anonymous","error":"Route /getCurrentUser not found"}
2026-01-16 17:46:22 [[32minfo[39m]: ::1 - - [16/Jan/2026:12:46:22 +0000] "GET /getCurrentUser HTTP/1.1" 404 61 "http://localhost:3001/" "Mozilla/5.0 (X11; Linux x86_64) AppleWebKit/537.36 (KHTML, like Gecko) Chrome/143.0.0.0 Safari/537.36"
2026-01-16 17:46:22 [[32minfo[39m]: Incoming request {"method":"GET","url":"/getCurrentUser","path":"/getCurrentUser","ip":"::1","userAgent":"Mozilla/5.0 (X11; Linux x86_64) AppleWebKit/537.36 (KHTML, like Gecko) Chrome/143.0.0.0 Safari/537.36","userId":"anonymous"}
2026-01-16 17:46:22 [[31merror[39m]: Unhandled error {"method":"GET","url":"/getCurrentUser","error":"Route /getCurrentUser not found","stack":"Error: Route /getCurrentUser not found\n    at notFoundHandler (file:///media/data/Client%20project/muzammil%20delivered%20project/frontend/al-quran-institute-online-backend/middlewares/errorHandler.js:49:15)\n    at Layer.handle [as handle_request] (/media/data/Client project/muzammil delivered project/frontend/al-quran-institute-online-backend/node_modules/express/lib/router/layer.js:95:5)\n    at trim_prefix (/media/data/Client project/muzammil delivered project/frontend/al-quran-institute-online-backend/node_modules/express/lib/router/index.js:328:13)\n    at /media/data/Client project/muzammil delivered project/frontend/al-quran-institute-online-backend/node_modules/express/lib/router/index.js:286:9\n    at Function.process_params (/media/data/Client project/muzammil delivered project/frontend/al-quran-institute-online-backend/node_modules/express/lib/router/index.js:346:12)\n    at next (/media/data/Client project/muzammil delivered project/frontend/al-quran-institute-online-backend/node_modules/express/lib/router/index.js:280:10)\n    at /media/data/Client project/muzammil delivered project/frontend/al-quran-institute-online-backend/node_modules/express/lib/router/index.js:646:15\n    at next (/media/data/Client project/muzammil delivered project/frontend/al-quran-institute-online-backend/node_modules/express/lib/router/index.js:265:14)\n    at Function.handle (/media/data/Client project/muzammil delivered project/frontend/al-quran-institute-online-backend/node_modules/express/lib/router/index.js:175:3)\n    at router (/media/data/Client project/muzammil delivered project/frontend/al-quran-institute-online-backend/node_modules/express/lib/router/index.js:47:12)","userId":"anonymous"}
AppError: Route /getCurrentUser not found
    at notFoundHandler (file:///media/data/Client%20project/muzammil%20delivered%20project/frontend/al-quran-institute-online-backend/middlewares/errorHandler.js:49:15)
    at Layer.handle [as handle_request] (/media/data/Client project/muzammil delivered project/frontend/al-quran-institute-online-backend/node_modules/express/lib/router/layer.js:95:5)
    at trim_prefix (/media/data/Client project/muzammil delivered project/frontend/al-quran-institute-online-backend/node_modules/express/lib/router/index.js:328:13)
    at /media/data/Client project/muzammil delivered project/frontend/al-quran-institute-online-backend/node_modules/express/lib/router/index.js:286:9
    at Function.process_params (/media/data/Client project/muzammil delivered project/frontend/al-quran-institute-online-backend/node_modules/express/lib/router/index.js:346:12)
    at next (/media/data/Client project/muzammil delivered project/frontend/al-quran-institute-online-backend/node_modules/express/lib/router/index.js:280:10)
    at /media/data/Client project/muzammil delivered project/frontend/al-quran-institute-online-backend/node_modules/express/lib/router/index.js:646:15
    at next (/media/data/Client project/muzammil delivered project/frontend/al-quran-institute-online-backend/node_modules/express/lib/router/index.js:265:14)
    at Function.handle (/media/data/Client project/muzammil delivered project/frontend/al-quran-institute-online-backend/node_modules/express/lib/router/index.js:175:3)
    at router (/media/data/Client project/muzammil delivered project/frontend/al-quran-institute-online-backend/node_modules/express/lib/router/index.js:47:12) {
  statusCode: 404,
  status: 'fail',
  isOperational: true
}
2026-01-16 17:46:22 [[32minfo[39m]: Outgoing response {"method":"GET","url":"/getCurrentUser","statusCode":404,"duration":"5ms","userId":"anonymous"}
2026-01-16 17:46:22 [[31merror[39m]: Error response {"method":"GET","url":"/getCurrentUser","statusCode":404,"duration":"5ms","userId":"anonymous","error":"Route /getCurrentUser not found"}
2026-01-16 17:46:22 [[32minfo[39m]: ::1 - - [16/Jan/2026:12:46:22 +0000] "GET /getCurrentUser HTTP/1.1" 404 61 "http://localhost:3001/" "Mozilla/5.0 (X11; Linux x86_64) AppleWebKit/537.36 (KHTML, like Gecko) Chrome/143.0.0.0 Safari/537.36"
2026-01-16 17:46:22 [[32minfo[39m]: Incoming request {"method":"GET","url":"/getAllStudents","path":"/getAllStudents","ip":"::1","userAgent":"Mozilla/5.0 (X11; Linux x86_64) AppleWebKit/537.36 (KHTML, like Gecko) Chrome/143.0.0.0 Safari/537.36","userId":"anonymous"}
2026-01-16 17:46:22 [[31merror[39m]: Unhandled error {"method":"GET","url":"/getAllStudents","error":"Route /getAllStudents not found","stack":"Error: Route /getAllStudents not found\n    at notFoundHandler (file:///media/data/Client%20project/muzammil%20delivered%20project/frontend/al-quran-institute-online-backend/middlewares/errorHandler.js:49:15)\n    at Layer.handle [as handle_request] (/media/data/Client project/muzammil delivered project/frontend/al-quran-institute-online-backend/node_modules/express/lib/router/layer.js:95:5)\n    at trim_prefix (/media/data/Client project/muzammil delivered project/frontend/al-quran-institute-online-backend/node_modules/express/lib/router/index.js:328:13)\n    at /media/data/Client project/muzammil delivered project/frontend/al-quran-institute-online-backend/node_modules/express/lib/router/index.js:286:9\n    at Function.process_params (/media/data/Client project/muzammil delivered project/frontend/al-quran-institute-online-backend/node_modules/express/lib/router/index.js:346:12)\n    at next (/media/data/Client project/muzammil delivered project/frontend/al-quran-institute-online-backend/node_modules/express/lib/router/index.js:280:10)\n    at file:///media/data/Client%20project/muzammil%20delivered%20project/frontend/al-quran-institute-online-backend/node_modules/express-rate-limit/dist/index.mjs:779:7\n    at process.processTicksAndRejections (node:internal/process/task_queues:95:5)\n    at async file:///media/data/Client%20project/muzammil%20delivered%20project/frontend/al-quran-institute-online-backend/node_modules/express-rate-limit/dist/index.mjs:663:5","userId":"anonymous"}
AppError: Route /getAllStudents not found
    at notFoundHandler (file:///media/data/Client%20project/muzammil%20delivered%20project/frontend/al-quran-institute-online-backend/middlewares/errorHandler.js:49:15)
    at Layer.handle [as handle_request] (/media/data/Client project/muzammil delivered project/frontend/al-quran-institute-online-backend/node_modules/express/lib/router/layer.js:95:5)
    at trim_prefix (/media/data/Client project/muzammil delivered project/frontend/al-quran-institute-online-backend/node_modules/express/lib/router/index.js:328:13)
    at /media/data/Client project/muzammil delivered project/frontend/al-quran-institute-online-backend/node_modules/express/lib/router/index.js:286:9
    at Function.process_params (/media/data/Client project/muzammil delivered project/frontend/al-quran-institute-online-backend/node_modules/express/lib/router/index.js:346:12)
    at next (/media/data/Client project/muzammil delivered project/frontend/al-quran-institute-online-backend/node_modules/express/lib/router/index.js:280:10)
    at file:///media/data/Client%20project/muzammil%20delivered%20project/frontend/al-quran-institute-online-backend/node_modules/express-rate-limit/dist/index.mjs:779:7
    at process.processTicksAndRejections (node:internal/process/task_queues:95:5)
    at async file:///media/data/Client%20project/muzammil%20delivered%20project/frontend/al-quran-institute-online-backend/node_modules/express-rate-limit/dist/index.mjs:663:5 {
  statusCode: 404,
  status: 'fail',
  isOperational: true
}
2026-01-16 17:46:22 [[32minfo[39m]: Outgoing response {"method":"GET","url":"/getAllStudents","statusCode":404,"duration":"3ms","userId":"anonymous"}
2026-01-16 17:46:22 [[31merror[39m]: Error response {"method":"GET","url":"/getAllStudents","statusCode":404,"duration":"3ms","userId":"anonymous","error":"Route /getAllStudents not found"}
2026-01-16 17:46:22 [[32minfo[39m]: ::1 - - [16/Jan/2026:12:46:22 +0000] "GET /getAllStudents HTTP/1.1" 404 61 "http://localhost:3001/" "Mozilla/5.0 (X11; Linux x86_64) AppleWebKit/537.36 (KHTML, like Gecko) Chrome/143.0.0.0 Safari/537.36"
2026-01-16 17:46:22 [[32minfo[39m]: Incoming request {"method":"GET","url":"/getAllStudents","path":"/getAllStudents","ip":"::1","userAgent":"Mozilla/5.0 (X11; Linux x86_64) AppleWebKit/537.36 (KHTML, like Gecko) Chrome/143.0.0.0 Safari/537.36","userId":"anonymous"}
2026-01-16 17:46:22 [[31merror[39m]: Unhandled error {"method":"GET","url":"/getAllStudents","error":"Route /getAllStudents not found","stack":"Error: Route /getAllStudents not found\n    at notFoundHandler (file:///media/data/Client%20project/muzammil%20delivered%20project/frontend/al-quran-institute-online-backend/middlewares/errorHandler.js:49:15)\n    at Layer.handle [as handle_request] (/media/data/Client project/muzammil delivered project/frontend/al-quran-institute-online-backend/node_modules/express/lib/router/layer.js:95:5)\n    at trim_prefix (/media/data/Client project/muzammil delivered project/frontend/al-quran-institute-online-backend/node_modules/express/lib/router/index.js:328:13)\n    at /media/data/Client project/muzammil delivered project/frontend/al-quran-institute-online-backend/node_modules/express/lib/router/index.js:286:9\n    at Function.process_params (/media/data/Client project/muzammil delivered project/frontend/al-quran-institute-online-backend/node_modules/express/lib/router/index.js:346:12)\n    at next (/media/data/Client project/muzammil delivered project/frontend/al-quran-institute-online-backend/node_modules/express/lib/router/index.js:280:10)\n    at file:///media/data/Client%20project/muzammil%20delivered%20project/frontend/al-quran-institute-online-backend/node_modules/express-rate-limit/dist/index.mjs:779:7\n    at process.processTicksAndRejections (node:internal/process/task_queues:95:5)\n    at async file:///media/data/Client%20project/muzammil%20delivered%20project/frontend/al-quran-institute-online-backend/node_modules/express-rate-limit/dist/index.mjs:663:5","userId":"anonymous"}
AppError: Route /getAllStudents not found
    at notFoundHandler (file:///media/data/Client%20project/muzammil%20delivered%20project/frontend/al-quran-institute-online-backend/middlewares/errorHandler.js:49:15)
    at Layer.handle [as handle_request] (/media/data/Client project/muzammil delivered project/frontend/al-quran-institute-online-backend/node_modules/express/lib/router/layer.js:95:5)
    at trim_prefix (/media/data/Client project/muzammil delivered project/frontend/al-quran-institute-online-backend/node_modules/express/lib/router/index.js:328:13)
    at /media/data/Client project/muzammil delivered project/frontend/al-quran-institute-online-backend/node_modules/express/lib/router/index.js:286:9
    at Function.process_params (/media/data/Client project/muzammil delivered project/frontend/al-quran-institute-online-backend/node_modules/express/lib/router/index.js:346:12)
    at next (/media/data/Client project/muzammil delivered project/frontend/al-quran-institute-online-backend/node_modules/express/lib/router/index.js:280:10)
    at file:///media/data/Client%20project/muzammil%20delivered%20project/frontend/al-quran-institute-online-backend/node_modules/express-rate-limit/dist/index.mjs:779:7
    at process.processTicksAndRejections (node:internal/process/task_queues:95:5)
    at async file:///media/data/Client%20project/muzammil%20delivered%20project/frontend/al-quran-institute-online-backend/node_modules/express-rate-limit/dist/index.mjs:663:5 {
  statusCode: 404,
  status: 'fail',
  isOperational: true
}
2026-01-16 17:46:22 [[32minfo[39m]: Outgoing response {"method":"GET","url":"/getAllStudents","statusCode":404,"duration":"4ms","userId":"anonymous"}
2026-01-16 17:46:22 [[31merror[39m]: Error response {"method":"GET","url":"/getAllStudents","statusCode":404,"duration":"4ms","userId":"anonymous","error":"Route /getAllStudents not found"}
2026-01-16 17:46:22 [[32minfo[39m]: ::1 - - [16/Jan/2026:12:46:22 +0000] "GET /getAllStudents HTTP/1.1" 404 61 "http://localhost:3001/" "Mozilla/5.0 (X11; Linux x86_64) AppleWebKit/537.36 (KHTML, like Gecko) Chrome/143.0.0.0 Safari/537.36"
2026-01-16 17:50:59 [[32minfo[39m]: Incoming request {"method":"GET","url":"/getCurrentUser/getCurrentUser","path":"/getCurrentUser/getCurrentUser","ip":"::1","userAgent":"Mozilla/5.0 (X11; Linux x86_64) AppleWebKit/537.36 (KHTML, like Gecko) Chrome/143.0.0.0 Safari/537.36","userId":"anonymous"}
2026-01-16 17:50:59 [[32minfo[39m]: Outgoing response {"method":"GET","url":"/getCurrentUser","statusCode":401,"duration":"17ms","userId":"anonymous"}
2026-01-16 17:50:59 [[31merror[39m]: Error response {"method":"GET","url":"/getCurrentUser","statusCode":401,"duration":"17ms","userId":"anonymous","error":true}
2026-01-16 17:50:59 [[32minfo[39m]: ::1 - - [16/Jan/2026:12:50:59 +0000] "GET /getCurrentUser/getCurrentUser HTTP/1.1" 401 48 "http://localhost:3001/" "Mozilla/5.0 (X11; Linux x86_64) AppleWebKit/537.36 (KHTML, like Gecko) Chrome/143.0.0.0 Safari/537.36"
2026-01-16 17:50:59 [[32minfo[39m]: Incoming request {"method":"GET","url":"/students/getAllStudents","path":"/students/getAllStudents","ip":"::1","userAgent":"Mozilla/5.0 (X11; Linux x86_64) AppleWebKit/537.36 (KHTML, like Gecko) Chrome/143.0.0.0 Safari/537.36","userId":"anonymous"}
2026-01-16 17:50:59 [[32minfo[39m]: Incoming request {"method":"GET","url":"/getCurrentUser/getCurrentUser","path":"/getCurrentUser/getCurrentUser","ip":"::1","userAgent":"Mozilla/5.0 (X11; Linux x86_64) AppleWebKit/537.36 (KHTML, like Gecko) Chrome/143.0.0.0 Safari/537.36","userId":"anonymous"}
2026-01-16 17:50:59 [[32minfo[39m]: Outgoing response {"method":"GET","url":"/getCurrentUser","statusCode":401,"duration":"5ms","userId":"anonymous"}
2026-01-16 17:50:59 [[31merror[39m]: Error response {"method":"GET","url":"/getCurrentUser","statusCode":401,"duration":"5ms","userId":"anonymous","error":true}
2026-01-16 17:50:59 [[32minfo[39m]: ::1 - - [16/Jan/2026:12:50:59 +0000] "GET /getCurrentUser/getCurrentUser HTTP/1.1" 401 48 "http://localhost:3001/" "Mozilla/5.0 (X11; Linux x86_64) AppleWebKit/537.36 (KHTML, like Gecko) Chrome/143.0.0.0 Safari/537.36"
2026-01-16 17:51:00 [[32minfo[39m]: Outgoing response {"method":"GET","url":"/getAllStudents","statusCode":200,"duration":"294ms","userId":"anonymous"}
2026-01-16 17:51:00 [[32minfo[39m]: ::1 - - [16/Jan/2026:12:51:00 +0000] "GET /students/getAllStudents HTTP/1.1" 200 6648 "http://localhost:3001/" "Mozilla/5.0 (X11; Linux x86_64) AppleWebKit/537.36 (KHTML, like Gecko) Chrome/143.0.0.0 Safari/537.36"
