{"initiator":{"userId":"696a4dc6f8a5b9d4fbd969ae","userName":"FARAZ","userType":"Teacher"},"level":"info","message":"Session Started","participants":[{"userId":"696a4dc6f8a5b9d4fbd969ae","userName":"FARAZ","userType":"Teacher"}],"sessionId":"room-696a4954f8a5b9d4fbd969aa","timestamp":"2026-01-16T19:41:47.398Z"}
{"level":"info","message":"User Joined Session","sessionId":"room-696a4954f8a5b9d4fbd969aa","timestamp":"2026-01-16T19:41:47.399Z","userId":"696a4dc6f8a5b9d4fbd969ae","userName":"FARAZ","userType":"Teacher"}
{"level":"info","message":"User Joined Session","sessionId":"room-696a4954f8a5b9d4fbd969aa","timestamp":"2026-01-16T19:41:47.483Z","userId":"696a4dc6f8a5b9d4fbd969ae","userName":"FARAZ","userType":"Teacher"}
{"level":"info","message":"User Joined Session","sessionId":"room-696a4954f8a5b9d4fbd969aa","timestamp":"2026-01-16T19:41:51.354Z","userId":"696a4954f8a5b9d4fbd969aa","userName":"AWAIS NIAZ SHAIKH","userType":"Student"}
{"level":"info","message":"User Joined Session","sessionId":"room-696a4954f8a5b9d4fbd969aa","timestamp":"2026-01-16T19:41:51.380Z","userId":"696a4954f8a5b9d4fbd969aa","userName":"AWAIS NIAZ SHAIKH","userType":"Student"}
{"duration":20,"level":"info","message":"User Left Session","sessionId":"room-696a4954f8a5b9d4fbd969aa","timestamp":"2026-01-16T19:42:11.151Z","userId":"696a4954f8a5b9d4fbd969aa"}
{"initiator":{"userId":"696a4954f8a5b9d4fbd969aa","userName":"AWAIS NIAZ SHAIKH","userType":"Student"},"level":"info","message":"Session Started","participants":[{"userId":"696a4954f8a5b9d4fbd969aa","userName":"AWAIS NIAZ SHAIKH","userType":"Student"}],"sessionId":"1","timestamp":"2026-01-16T19:42:13.747Z"}
{"level":"info","message":"User Joined Session","sessionId":"1","timestamp":"2026-01-16T19:42:13.748Z","userId":"696a4954f8a5b9d4fbd969aa","userName":"AWAIS NIAZ SHAIKH","userType":"Student"}
{"level":"info","message":"User Joined Session","sessionId":"1","timestamp":"2026-01-16T19:42:13.754Z","userId":"696a4954f8a5b9d4fbd969aa","userName":"AWAIS NIAZ SHAIKH","userType":"Student"}
{"level":"info","message":"User Joined Session","sessionId":"room-696a4954f8a5b9d4fbd969aa","timestamp":"2026-01-16T19:42:23.171Z","userId":"696a4dc6f8a5b9d4fbd969ae","userName":"FARAZ","userType":"Teacher"}
{"level":"info","message":"User Joined Session","sessionId":"room-696a4954f8a5b9d4fbd969aa","timestamp":"2026-01-16T19:42:23.213Z","userId":"696a4dc6f8a5b9d4fbd969ae","userName":"FARAZ","userType":"Teacher"}
{"duration":3,"level":"info","message":"User Left Session","sessionId":"room-696a4954f8a5b9d4fbd969aa","timestamp":"2026-01-16T19:42:26.661Z","userId":"696a4dc6f8a5b9d4fbd969ae"}
{"duration":39,"level":"info","message":"Session Ended","participants":0,"peakParticipants":0,"sessionId":"room-696a4954f8a5b9d4fbd969aa","timestamp":"2026-01-16T19:42:26.661Z"}
{"initiator":{"userId":"696a4dc6f8a5b9d4fbd969ae","userName":"FARAZ","userType":"Teacher"},"level":"info","message":"Session Started","participants":[{"userId":"696a4dc6f8a5b9d4fbd969ae","userName":"FARAZ","userType":"Teacher"}],"sessionId":"room-696a4954f8a5b9d4fbd969aa","timestamp":"2026-01-16T19:42:31.230Z"}
{"level":"info","message":"User Joined Session","sessionId":"room-696a4954f8a5b9d4fbd969aa","timestamp":"2026-01-16T19:42:31.230Z","userId":"696a4dc6f8a5b9d4fbd969ae","userName":"FARAZ","userType":"Teacher"}
{"level":"info","message":"User Joined Session","sessionId":"room-696a4954f8a5b9d4fbd969aa","timestamp":"2026-01-16T19:42:31.248Z","userId":"696a4dc6f8a5b9d4fbd969ae","userName":"FARAZ","userType":"Teacher"}
{"duration":20,"level":"info","message":"User Left Session","sessionId":"1","timestamp":"2026-01-16T19:42:34.204Z","userId":"696a4954f8a5b9d4fbd969aa"}
{"duration":20,"level":"info","message":"Session Ended","participants":0,"peakParticipants":0,"sessionId":"1","timestamp":"2026-01-16T19:42:34.204Z"}
{"duration":5,"level":"info","message":"User Left Session","sessionId":"room-696a4954f8a5b9d4fbd969aa","timestamp":"2026-01-16T19:42:36.076Z","userId":"696a4dc6f8a5b9d4fbd969ae"}
{"duration":5,"level":"info","message":"Session Ended","participants":0,"peakParticipants":0,"sessionId":"room-696a4954f8a5b9d4fbd969aa","timestamp":"2026-01-16T19:42:36.077Z"}
{"initiator":{"userId":"696a4dc6f8a5b9d4fbd969ae","userName":"FARAZ","userType":"Teacher"},"level":"info","message":"Session Started","participants":[{"userId":"696a4dc6f8a5b9d4fbd969ae","userName":"FARAZ","userType":"Teacher"}],"sessionId":"room-696a4954f8a5b9d4fbd969aa","timestamp":"2026-01-16T19:42:39.225Z"}
{"level":"info","message":"User Joined Session","sessionId":"room-696a4954f8a5b9d4fbd969aa","timestamp":"2026-01-16T19:42:39.226Z","userId":"696a4dc6f8a5b9d4fbd969ae","userName":"FARAZ","userType":"Teacher"}
{"level":"info","message":"User Joined Session","sessionId":"room-696a4954f8a5b9d4fbd969aa","timestamp":"2026-01-16T19:42:39.256Z","userId":"696a4dc6f8a5b9d4fbd969ae","userName":"FARAZ","userType":"Teacher"}
{"level":"info","message":"User Joined Session","sessionId":"room-696a4954f8a5b9d4fbd969aa","timestamp":"2026-01-16T19:42:42.235Z","userId":"696a4954f8a5b9d4fbd969aa","userName":"AWAIS NIAZ SHAIKH","userType":"Student"}
{"level":"info","message":"User Joined Session","sessionId":"room-696a4954f8a5b9d4fbd969aa","timestamp":"2026-01-16T19:42:42.261Z","userId":"696a4954f8a5b9d4fbd969aa","userName":"AWAIS NIAZ SHAIKH","userType":"Student"}
{"duration":8,"level":"info","message":"User Left Session","sessionId":"room-696a4954f8a5b9d4fbd969aa","timestamp":"2026-01-16T19:42:50.146Z","userId":"696a4954f8a5b9d4fbd969aa"}
{"duration":14,"level":"info","message":"User Left Session","sessionId":"room-696a4954f8a5b9d4fbd969aa","timestamp":"2026-01-16T19:42:53.641Z","userId":"696a4dc6f8a5b9d4fbd969ae"}
{"duration":14,"level":"info","message":"Session Ended","participants":0,"peakParticipants":0,"sessionId":"room-696a4954f8a5b9d4fbd969aa","timestamp":"2026-01-16T19:42:53.641Z"}
{"initiator":{"userId":"696a4954f8a5b9d4fbd969aa","userName":"AWAIS NIAZ SHAIKH","userType":"Student"},"level":"info","message":"Session Started","participants":[{"userId":"696a4954f8a5b9d4fbd969aa","userName":"AWAIS NIAZ SHAIKH","userType":"Student"}],"sessionId":"1","timestamp":"2026-01-16T19:42:56.880Z"}
{"level":"info","message":"User Joined Session","sessionId":"1","timestamp":"2026-01-16T19:42:56.881Z","userId":"696a4954f8a5b9d4fbd969aa","userName":"AWAIS NIAZ SHAIKH","userType":"Student"}
{"level":"info","message":"User Joined Session","sessionId":"1","timestamp":"2026-01-16T19:42:56.916Z","userId":"696a4954f8a5b9d4fbd969aa","userName":"AWAIS NIAZ SHAIKH","userType":"Student"}
{"duration":8,"level":"info","message":"User Left Session","sessionId":"1","timestamp":"2026-01-16T19:43:05.276Z","userId":"696a4954f8a5b9d4fbd969aa"}
{"duration":8,"level":"info","message":"Session Ended","participants":0,"peakParticipants":0,"sessionId":"1","timestamp":"2026-01-16T19:43:05.277Z"}
{"initiator":{"userId":"696a4954f8a5b9d4fbd969aa","userName":"AWAIS NIAZ SHAIKH","userType":"Student"},"level":"info","message":"Session Started","participants":[{"userId":"696a4954f8a5b9d4fbd969aa","userName":"AWAIS NIAZ SHAIKH","userType":"Student"}],"sessionId":"1","timestamp":"2026-01-16T20:03:12.072Z"}
{"level":"info","message":"User Joined Session","sessionId":"1","timestamp":"2026-01-16T20:03:12.073Z","userId":"696a4954f8a5b9d4fbd969aa","userName":"AWAIS NIAZ SHAIKH","userType":"Student"}
{"level":"info","message":"User Joined Session","sessionId":"1","timestamp":"2026-01-16T20:03:12.077Z","userId":"696a4954f8a5b9d4fbd969aa","userName":"AWAIS NIAZ SHAIKH","userType":"Student"}
{"duration":13,"level":"info","message":"User Left Session","sessionId":"1","timestamp":"2026-01-16T20:03:25.196Z","userId":"696a4954f8a5b9d4fbd969aa"}
{"duration":13,"level":"info","message":"Session Ended","participants":0,"peakParticipants":0,"sessionId":"1","timestamp":"2026-01-16T20:03:25.196Z"}
{"initiator":{"userId":"696a4dc6f8a5b9d4fbd969ae","userName":"FARAZ","userType":"Teacher"},"level":"info","message":"Session Started","participants":[{"userId":"696a4dc6f8a5b9d4fbd969ae","userName":"FARAZ","userType":"Teacher"}],"sessionId":"room-696a4954f8a5b9d4fbd969aa","timestamp":"2026-01-16T20:03:28.657Z"}
{"level":"info","message":"User Joined Session","sessionId":"room-696a4954f8a5b9d4fbd969aa","timestamp":"2026-01-16T20:03:28.658Z","userId":"696a4dc6f8a5b9d4fbd969ae","userName":"FARAZ","userType":"Teacher"}
{"level":"info","message":"User Joined Session","sessionId":"room-696a4954f8a5b9d4fbd969aa","timestamp":"2026-01-16T20:03:28.675Z","userId":"696a4dc6f8a5b9d4fbd969ae","userName":"FARAZ","userType":"Teacher"}
{"level":"info","message":"User Joined Session","sessionId":"room-696a4954f8a5b9d4fbd969aa","timestamp":"2026-01-16T20:03:31.584Z","userId":"696a4954f8a5b9d4fbd969aa","userName":"AWAIS NIAZ SHAIKH","userType":"Student"}
{"level":"info","message":"User Joined Session","sessionId":"room-696a4954f8a5b9d4fbd969aa","timestamp":"2026-01-16T20:03:31.628Z","userId":"696a4954f8a5b9d4fbd969aa","userName":"AWAIS NIAZ SHAIKH","userType":"Student"}
{"duration":10,"level":"info","message":"User Left Session","sessionId":"room-696a4954f8a5b9d4fbd969aa","timestamp":"2026-01-16T20:03:41.448Z","userId":"696a4954f8a5b9d4fbd969aa"}
{"duration":16,"level":"info","message":"User Left Session","sessionId":"room-696a4954f8a5b9d4fbd969aa","timestamp":"2026-01-16T20:03:44.572Z","userId":"696a4dc6f8a5b9d4fbd969ae"}
{"duration":16,"level":"info","message":"Session Ended","participants":0,"peakParticipants":0,"sessionId":"room-696a4954f8a5b9d4fbd969aa","timestamp":"2026-01-16T20:03:44.573Z"}
{"initiator":{"userId":"696a4dc6f8a5b9d4fbd969ae","userName":"FARAZ","userType":"Teacher"},"level":"info","message":"Session Started","participants":[{"userId":"696a4dc6f8a5b9d4fbd969ae","userName":"FARAZ","userType":"Teacher"}],"sessionId":"room-696a4954f8a5b9d4fbd969aa","timestamp":"2026-01-16T20:04:18.276Z"}
{"level":"info","message":"User Joined Session","sessionId":"room-696a4954f8a5b9d4fbd969aa","timestamp":"2026-01-16T20:04:18.277Z","userId":"696a4dc6f8a5b9d4fbd969ae","userName":"FARAZ","userType":"Teacher"}
{"level":"info","message":"User Joined Session","sessionId":"room-696a4954f8a5b9d4fbd969aa","timestamp":"2026-01-16T20:04:18.390Z","userId":"696a4dc6f8a5b9d4fbd969ae","userName":"FARAZ","userType":"Teacher"}
{"level":"info","message":"User Joined Session","sessionId":"room-696a4954f8a5b9d4fbd969aa","timestamp":"2026-01-16T20:04:21.315Z","userId":"696a4954f8a5b9d4fbd969aa","userName":"AWAIS NIAZ SHAIKH","userType":"Student"}
{"level":"info","message":"User Joined Session","sessionId":"room-696a4954f8a5b9d4fbd969aa","timestamp":"2026-01-16T20:04:21.330Z","userId":"696a4954f8a5b9d4fbd969aa","userName":"AWAIS NIAZ SHAIKH","userType":"Student"}
{"duration":7,"level":"info","message":"User Left Session","sessionId":"room-696a4954f8a5b9d4fbd969aa","timestamp":"2026-01-16T20:04:28.714Z","userId":"696a4954f8a5b9d4fbd969aa"}
{"duration":99,"level":"info","message":"User Left Session","sessionId":"room-696a4954f8a5b9d4fbd969aa","timestamp":"2026-01-16T20:05:57.737Z","userId":"696a4dc6f8a5b9d4fbd969ae"}
{"duration":99,"level":"info","message":"Session Ended","participants":0,"peakParticipants":0,"sessionId":"room-696a4954f8a5b9d4fbd969aa","timestamp":"2026-01-16T20:05:57.737Z"}
